<?xml version="1.0" encoding="utf-8"?><testsuites><testsuite name="pytest" errors="0" failures="0" skipped="0" tests="10" time="2.883" timestamp="2022-04-18T20:10:50.450323" hostname="Macbook-Pro"><testcase classname="tests.test_magnet" name="test_create_cylinder" time="0.001" /><testcase classname="tests.test_magnet" name="test_create_prism" time="0.001" /><testcase classname="tests.test_magnet" name="test_1D_cylinder_surface_max" time="0.001" /><testcase classname="tests.test_magnet" name="test_1D_cylinder_center_value" time="0.001" /><testcase classname="tests.test_magnet" name="test_1D_prism_surface_max" time="0.001" /><testcase classname="tests.test_magnet" name="test_1D_prism_center_value" time="0.001" /><testcase classname="tests.test_magnet" name="test_2D_two_magnets" time="0.001" /><testcase classname="tests.test_magnet" name="test_3D_four_cubes" time="0.003" /><testcase classname="tests.test_magnet" name="test_solenoid_off_axis" time="0.001" /><testcase classname="tests.test_pymagnet" name="test_version" time="0.001" /></testsuite></testsuites>